Arguments: 
  C:\Program Files\nodejs\node.exe C:\Users\Nguyen Son Bao\AppData\Roaming\npm\node_modules\yarn\bin\yarn.js -D

PATH: 
  C:\Program Files\Common Files\Oracle\Java\javapath;C:\Program Files (x86)\Common Files\Oracle\Java\javapath;C:\WINDOWS\system32;C:\WINDOWS;C:\WINDOWS\System32\Wbem;C:\WINDOWS\System32\WindowsPowerShell\v1.0\;C:\WINDOWS\System32\OpenSSH\;C:\Program Files\dotnet\;C:\Program Files\Microsoft SQL Server\130\Tools\Binn\;C:\Program Files\Azure Data Studio\bin;C:\Users\Nguyen Son Bao\AppData\Local\Programs\Python\Python39;C:\Program Files\Cassandra\apache-cassandra-3.11.10\bin;C:\mongosh-1.10.0-win32-x64\bin;C:\Program Files\Microsoft SQL Server\150\Tools\Binn\;C:\ProgramData\chocolatey\bin;C:\Program Files\nodejs\;C:\Program Files\Git\cmd;C:\Program Files\apache-maven-3.9.6\bin;C:\Program Files\Java\jdk-21\bin;C:\Program Files\MySQL\MySQL Shell 8.0\bin\;C:\Users\Nguyen Son Bao\AppData\Local\Programs\Python\Python312\Scripts\;C:\Users\Nguyen Son Bao\AppData\Local\Programs\Python\Python312\;C:\Users\Nguyen Son Bao\AppData\Local\Programs\Python\Launcher\;C:\Users\Nguyen Son Bao\AppData\Local\Microsoft\WindowsApps;C:\Users\Nguyen Son Bao\.dotnet\tools;C:\Program Files\Azure Data Studio\bin;C:\Users\Nguyen Son Bao\AppData\Local\Programs\Microsoft VS Code\bin;C:\Users\Nguyen Son Bao\AppData\Roaming\npm;C:\Program Files\Git\cmd;C:\Program Files\Git\bin;C:\Users\Nguyen Son Bao\AppData\Local\GitHubDesktop\bin;C:\Program Files\Docker\Docker\resources\bin;;D:\IntelliJ IDEA Community Edition 2023.3.1\bin;

Yarn version: 
  1.22.19

Node version: 
  18.17.0

Platform: 
  win32 x64

Trace: 
  Error: connect ETIMEDOUT 2606:4700::6810:323:443
      at TCPConnectWrap.afterConnect [as oncomplete] (node:net:1495:16)

npm manifest: 
  {
    "name": "plans",
    "version": "0.0.1",
    "description": "",
    "author": "",
    "private": true,
    "license": "UNLICENSED",
    "scripts": {
      "build": "nest build",
      "format": "prettier --write \"src/**/*.ts\" \"test/**/*.ts\"",
      "start": "nest start",
      "dev": "nest start --watch",
      "debug": "nest start --debug --watch",
      "prod": "npx prisma generate --schema=./schema.prisma & node dist/main",
      "lint": "eslint \"{src,apps,libs,test}/**/*.ts\" --fix",
      "test": "jest",
      "test:watch": "jest --watch",
      "test:cov": "jest --coverage",
      "test:debug": "node --inspect-brk -r tsconfig-paths/register -r ts-node/register node_modules/.bin/jest --runInBand",
      "test:e2e": "jest --config ./test/jest-e2e.json",
      "db:generate": "npx prisma generate",
      "db:migrate": "npx prisma migrate dev"
    },
    "dependencies": {
      "@nestjs/common": "^10.0.0",
      "@nestjs/config": "^3.1.1",
      "@nestjs/core": "^10.0.0",
      "@nestjs/microservices": "^10.2.10",
      "@nestjs/platform-express": "^10.0.0",
      "@prisma/client": "^5.4.2",
      "class-transformer": "^0.5.1",
      "class-validator": "^0.14.0",
      "prisma": "^5.6.0",
      "reflect-metadata": "^0.1.13",
      "rxjs": "^7.8.1"
    },
    "devDependencies": {
      "@nestjs/cli": "^10.0.0",
      "@nestjs/schematics": "^10.0.0",
      "@nestjs/testing": "^10.0.0",
      "@types/express": "^4.17.17",
      "@types/jest": "^29.5.2",
      "@types/node": "^20.3.1",
      "@types/supertest": "^2.0.12",
      "@typescript-eslint/eslint-plugin": "^6.0.0",
      "@typescript-eslint/parser": "^6.0.0",
      "eslint": "^8.42.0",
      "eslint-config-prettier": "^9.0.0",
      "eslint-plugin-prettier": "^5.0.0",
      "jest": "^29.5.0",
      "prettier": "^3.0.0",
      "source-map-support": "^0.5.21",
      "supertest": "^6.3.3",
      "ts-jest": "^29.1.0",
      "ts-loader": "^9.4.3",
      "ts-node": "^10.9.1",
      "tsconfig-paths": "^4.2.0",
      "typescript": "^5.1.3"
    },
    "jest": {
      "moduleFileExtensions": [
        "js",
        "json",
        "ts"
      ],
      "rootDir": "src",
      "testRegex": ".*\\.spec\\.ts$",
      "transform": {
        "^.+\\.(t|j)s$": "ts-jest"
      },
      "collectCoverageFrom": [
        "**/*.(t|j)s"
      ],
      "coverageDirectory": "../coverage",
      "testEnvironment": "node"
    }
  }

yarn manifest: 
  No manifest

Lockfile: 
  No lockfile
